500
1 6237
2 3389
3 4111
4 4550
5 2796
6 8476
7 1028
8 2952
9 5198
10 8210
11 6053
12 4626
13 1482
14 3786
15 3118
16 5613
17 3330
18 8179
19 3959
20 9665
21 6668
22 8495
23 8157
24 4869
25 1730
26 8902
27 3336
28 6171
29 1227
30 936
31 9766
32 7917
33 9611
34 6464
35 2298
36 1141
37 3123
38 6060
39 2019
40 3104
41 5613
42 5512
43 7569
44 935
45 891
46 6450
47 1975
48 2395
49 6629
50 5566
51 7271
52 6219
53 3178
54 9710
55 6119
56 6219
57 5381
58 8523
59 5186
60 962
61 3273
62 5350
63 6404
64 2684
65 2455
66 3327
67 1292
68 9930
69 6317
70 6215
71 8371
72 6103
73 6677
74 9461
75 2355
76 7252
77 5815
78 8122
79 4464
80 5322
81 484
82 5254
83 5395
84 9341
85 7540
86 4253
87 4881
88 1005
89 9447
90 6648
91 3474
92 9943
93 2098
94 6691
95 4220
96 652
97 1004
98 8166
99 4540
100 2606
101 4511
102 5357
103 644
104 3296
105 7245
106 2169
107 9196
108 3729
109 4987
110 2114
111 5350
112 5243
113 4068
114 1434
115 232
116 541
117 1840
118 4092
119 8719
120 963
121 4670
122 8944
123 900
124 6174
125 9891
126 305
127 6219
128 6467
129 2703
130 2240
131 7229
132 6219
133 8741
134 336
135 3286
136 4643
137 6576
138 520
139 791
140 457
141 1032
142 8292
143 6648
144 643
145 1821
146 3333
147 2297
148 8288
149 2601
150 2103
151 5097
152 3402
153 635
154 4176
155 1923
156 9984
157 7101
158 1453
159 2630
160 3025
161 9081
162 578
163 7803
164 3488
165 4657
166 9343
167 2583
168 5263
169 2847
170 8476
171 7333
172 6885
173 8944
174 2434
175 3612
176 2206
177 235
178 8096
179 537
180 3049
181 1349
182 2390
183 9684
184 9137
185 7997
186 7937
187 935
188 8213
189 2948
190 1765
191 8719
192 9277
193 8644
194 4963
195 8142
196 0
197 4703
198 8157
199 9687
200 5677
201 3505
202 537
203 9087
204 2474
205 4142
206 1461
207 2524
208 308
209 1705
210 466
211 8855
212 6879
213 1570
214 8436
215 9611
216 7685
217 2364
218 2401
219 382
220 1056
221 2924
222 1100
223 3711
224 4797
225 5027
226 7690
227 2316
228 2293
229 2331
230 2271
231 5061
232 9927
233 6451
234 9732
235 3789
236 231
237 5015
238 1356
239 9973
240 4035
241 5140
242 2328
243 3266
244 398
245 8653
246 8203
247 8476
248 6833
249 4248
250 9648
251 6876
252 3181
253 4884
254 9559
255 8375
256 3891
257 2355
258 1261
259 618
260 4875
261 7224
262 9955
263 398
264 2877
265 877
266 1726
267 6222
268 2898
269 952
270 1008
271 6106
272 3658
273 7349
274 6951
275 3779
276 8266
277 8796
278 4807
279 2334
280 8358
281 1818
282 8200
283 4231
284 1478
285 2376
286 2890
287 5166
288 1051
289 4525
290 6200
291 3522
292 3459
293 5
294 3260
295 577
296 0
297 520
298 7020
299 5613
300 6215
301 3059
302 7245
303 7869
304 6669
305 7612
306 2342
307 7709
308 8719
309 5387
310 5466
311 5103
312 7399
313 7488
314 4279
315 5612
316 9327
317 5502
318 3534
319 8477
320 9930
321 6409
322 1160
323 2619
324 1264
325 398
326 8266
327 286
328 6876
329 1876
330 2129
331 7953
332 474
333 7302
334 5255
335 7780
336 3147
337 3349
338 5099
339 312
340 4148
341 5092
342 8286
343 3879
344 1671
345 5128
346 8580
347 3733
348 3797
349 4719
350 5415
351 5212
352 8580
353 1752
354 8475
355 9740
356 9695
357 634
358 8495
359 7579
360 6396
361 8119
362 7397
363 520
364 9962
365 9196
366 8944
367 7165
368 5387
369 446
370 5566
371 5813
372 2992
373 5458
374 8653
375 5813
376 8453
377 801
378 5815
379 3042
380 9368
381 1162
382 5613
383 2959
384 2917
385 5266
386 9310
387 6451
388 8247
389 289
390 9387
391 5620
392 305
393 8198
394 5844
395 7911
396 7525
397 919
398 156
399 3144
400 7039
401 3947
402 9752
403 2265
404 9789
405 7194
406 9420
407 4582
408 3861
409 9555
410 5710
411 3582
412 6845
413 3498
414 1041
415 1942
416 6124
417 2069
418 4931
419 2681
420 3401
421 5182
422 1785
423 458
424 9185
425 9368
426 6467
427 1073
428 7110
429 3778
430 6668
431 9697
432 8955
433 1146
434 8390
435 7152
436 738
437 3921
438 4514
439 5839
440 8020
441 688
442 7772
443 4219
444 9007
445 9666
446 2567
447 6070
448 5702
449 251
450 6897
451 4480
452 8844
453 6668
454 5132
455 2055
456 1496
457 8286
458 5512
459 7107
460 3242
461 9363
462 9570
463 4341
464 3227
465 2407
466 3536
467 3231
468 1722
469 4785
470 2913
471 1959
472 4840
473 136
474 3554
475 6215
476 7936
477 8200
478 869
479 7681
480 9081
481 6106
482 5542
483 7091
484 3549
485 6543
486 1832
487 8476
488 8796
489 1050
490 5815
491 1319
492 2090
493 5979
494 900
495 2271
496 207
497 7935
498 7723
499 5496
500 4924
