200
1 9419
2 175
3 2296
4 1473
5 1050
6 7786
7 9851
8 8614
9 432
10 7045
11 8224
12 5344
13 1889
14 6123
15 8608
16 5675
17 1641
18 2048
19 9702
20 5694
21 4423
22 6109
23 5548
24 5483
25 949
26 2565
27 4854
28 3822
29 4329
30 4612
31 7033
32 4391
33 824
34 400
35 8560
36 6738
37 7493
38 3455
39 0
40 506
41 9350
42 2408
43 147
44 8609
45 6580
46 1265
47 869
48 7443
49 6445
50 2715
51 6109
52 132
53 4966
54 7333
55 1660
56 606
57 4257
58 8112
59 4431
60 1319
61 5999
62 9548
63 7448
64 5707
65 5368
66 4389
67 4112
68 6487
69 7433
70 243
71 6787
72 5627
73 8478
74 3389
75 4054
76 1114
77 917
78 5247
79 0
80 9685
81 890
82 3722
83 9183
84 8063
85 4807
86 4015
87 9167
88 6454
89 4759
90 2711
91 9419
92 912
93 0
94 1656
95 7609
96 929
97 2367
98 4496
99 3199
100 3117
101 6383
102 3447
103 2978
104 7635
105 2696
106 8401
107 4336
108 3227
109 7294
110 8633
111 8944
112 4206
113 8404
114 6192
115 4874
116 3192
117 1034
118 5486
119 5115
120 8262
121 7512
122 7311
123 3686
124 8119
125 4019
126 8484
127 8467
128 1703
129 2091
130 4034
131 6843
132 8524
133 6402
134 6810
135 400
136 1706
137 130
138 8371
139 8218
140 1050
141 1670
142 5128
143 8214
144 678
145 665
146 3811
147 8973
148 3646
149 314
150 9693
151 8915
152 7413
153 9359
154 2377
155 584
156 7993
157 3655
158 6929
159 8247
160 5199
161 4764
162 7931
163 6017
164 5591
165 7662
166 7819
167 9458
168 9563
169 2241
170 9637
171 9718
172 7311
173 8915
174 318
175 4287
176 6805
177 7251
178 6730
179 9435
180 781
181 4425
182 4295
183 1201
184 3737
185 3686
186 1146
187 540
188 894
189 9192
190 8794
191 899
192 9516
193 7712
194 4320
195 1028
196 7635
197 4099
198 7009
199 1789
200 6708
