100
1 614
2 482
3 233
4 390
5 212
6 847
7 69
8 497
9 824
10 419
11 182
12 222
13 277
14 43
15 55
16 0
17 991
18 246
19 389
20 405
21 930
22 512
23 324
24 120
25 249
26 453
27 357
28 407
29 885
30 688
31 582
32 931
33 300
34 939
35 571
36 475
37 14
38 101
39 228
40 605
41 914
42 479
43 518
44 234
45 557
46 896
47 265
48 865
49 878
50 138
51 249
52 380
53 56
54 304
55 318
56 717
57 210
58 261
59 71
60 949
61 320
62 563
63 926
64 252
65 809
66 534
67 961
68 576
69 669
70 182
71 877
72 645
73 474
74 253
75 741
76 839
77 185
78 237
79 635
80 308
81 533
82 133
83 336
84 480
85 103
86 921
87 178
88 459
89 116
90 426
91 981
92 390
93 621
94 951
95 705
96 954
97 71
98 566
99 980
100 629
